[2026-04-23 17:10:11] [INFO] ==============================
[2026-04-23 17:10:11] [INFO] Start inrichting NetApp cluster 192.168.1.22
[2026-04-23 17:10:11] [INFO] Versie:        v3.3.0 (2026-04-16)
[2026-04-23 17:10:11] [INFO] Config:        setup_ontap_2node_cluster.conf
[2026-04-23 17:10:11] [INFO] Log file:      ./logs/netapp-cluster-v3.3.0-20260423-171011.log
[2026-04-23 17:10:11] [INFO] Verbose:       0 | Dry-run: 0 | Color: auto
[2026-04-23 17:10:11] [INFO] User:          admin
[2026-04-23 17:10:11] [INFO] Nodes:         lab-clus01-01 lab-clus01-02
[2026-04-23 17:10:11] [INFO] RAID type:     raid_dp | Disks: 8 | Spare reserve: 1
[2026-04-23 17:10:11] [INFO] ==============================
[2026-04-23 17:10:11] [INFO] Controleer SSH-verbinding naar admin@192.168.1.22 ...
[2026-04-23 17:10:11] [INFO] Key-based authenticatie niet beschikbaar, probeer wachtwoord...
[2026-04-23 17:10:12] [INFO] SSH-verbinding succesvol (sshpass wachtwoordauth).
[2026-04-23 17:10:13] [INFO] NTP server 192.168.1.1 bestaat al
[2026-04-23 17:10:14] [INFO] Data aggregate aggr_data_lab_clus01_01 bestaat al
[2026-04-23 17:10:14] [INFO] Data aggregate aggr_data_lab_clus01_02 bestaat al
[2026-04-23 17:10:15] [INFO] IPspace ipspace_data bestaat al
[2026-04-23 17:10:16] [INFO] VLAN port lab-clus01-01:e0d-20 bestaat al
[2026-04-23 17:10:17] [INFO] VLAN port lab-clus01-02:e0d-20 bestaat al
[2026-04-23 17:10:19] [INFO] Zet MTU 1500 op broadcast domain bd_cifs
[2026-04-23 17:10:20] [INFO] Zet MTU 9000 op broadcast domain bd_vlan20
[2026-04-23 17:10:20] [DEBUG] CIFS ports: lab-clus01-01:e0e lab-clus01-02:e0e
[2026-04-23 17:10:20] [DEBUG] VLAN20 ports: lab-clus01-01:e0d-20 lab-clus01-02:e0d-20
[2026-04-23 17:10:21] [DEBUG] Checking current broadcast domain for port lab-clus01-01:e0e
[2026-04-23 17:10:22] [DEBUG] Current BD output for lab-clus01-01:e0e: '
Last login time: 4/23/2026 15:10:21
Unsuccessful login attempts since last login: 1
IPspace Broadcast                                         Update
Name    Domain Name    MTU  Port List                     Status Details
------- ----------- ------  ----------------------------- --------------
ipspace_data bd_cifs  1500
                            lab-clus01-01:e0e             complete
'
[2026-04-23 17:10:22] [DEBUG] Parsed current BD for lab-clus01-01:e0e: 'Found domain line: ipspace=Last, domain=login
Found domain line: ipspace=Unsuccessful, domain=login
Found domain line: ipspace=ipspace_data, domain=bd_cifs'
[2026-04-23 17:10:23] [ERROR] Mislukt: Verwijder port lab-clus01-01:e0e uit broadcast domain Found domain line: ipspace=Last, domain=login
Found domain line: ipspace=Unsuccessful, domain=login
Found domain line: ipspace=ipspace_data, domain=bd_cifs
[2026-04-23 17:10:23] [DEBUG] ONTAP command failed: network port broadcast-domain remove-ports -broadcast-domain Found domain line: ipspace=Last, domain=login
Found domain line: ipspace=Unsuccessful, domain=login
Found domain line: ipspace=ipspace_data, domain=bd_cifs -ports lab-clus01-01:e0e
[2026-04-23 17:10:23] [DEBUG] ONTAP error output: 
Last login time: 4/23/2026 15:10:22
Unsuccessful login attempts since last login: 1

Error: "domain" is an invalid value for field "-ports <<node>:<port>>", ...

