[2026-04-20 17:59:39] [INFO] ==============================
[2026-04-20 17:59:39] [INFO] Start inrichting NetApp cluster 192.168.1.22
[2026-04-20 17:59:39] [INFO] Versie:        v3.3.0 (2026-04-16)
[2026-04-20 17:59:39] [INFO] Config:        setup_ontap_2node_cluster.conf
[2026-04-20 17:59:39] [INFO] Log file:      ./logs/netapp-cluster-v3.3.0-20260420-175939.log
[2026-04-20 17:59:39] [INFO] Verbose:       0 | Dry-run: 0 | Color: auto
[2026-04-20 17:59:39] [INFO] User:          admin
[2026-04-20 17:59:39] [INFO] Nodes:         lab-clus01-01 lab-clus01-02
[2026-04-20 17:59:39] [INFO] RAID type:     raid_dp | Disks: 8 | Spare reserve: 1
[2026-04-20 17:59:39] [INFO] ==============================
[2026-04-20 17:59:39] [INFO] Controleer SSH-verbinding naar admin@192.168.1.22 ...
[2026-04-20 17:59:40] [INFO] Key-based authenticatie niet beschikbaar, probeer wachtwoord...
[2026-04-20 17:59:45] [INFO] SSH-verbinding succesvol (sshpass wachtwoordauth).
[2026-04-20 17:59:46] [INFO] NTP server 192.168.1.1 bestaat al
[2026-04-20 17:59:47] [INFO] Node lab-clus01-01 heeft al een non-root data aggregate, geen nieuwe create
[2026-04-20 17:59:48] [INFO] Node lab-clus01-02 heeft al een non-root data aggregate, geen nieuwe create
[2026-04-20 17:59:48] [INFO] IPspace ipspace_data bestaat al
[2026-04-20 17:59:49] [INFO] VLAN port lab-clus01-01:e0d-20 bestaat al
[2026-04-20 17:59:50] [INFO] VLAN port lab-clus01-02:e0d-20 bestaat al

Last login time: 4/20/2026 15:59:53
Unsuccessful login attempts since last login: 1

[2026-04-20 17:59:53] [INFO] Verwijder port lab-clus01-01:e0e uit Default broadcast domain

Last login time: 4/20/2026 15:59:54
Unsuccessful login attempts since last login: 1

[2026-04-20 17:59:55] [INFO] Maak broadcast domain bd_cifs

Last login time: 4/20/2026 15:59:56
Unsuccessful login attempts since last login: 1

Error: command failed: Specifying the system Vserver ("Cluster") is not
       supported because custom failover groups are not supported in the
       "Cluster" IPspace.

[2026-04-20 17:59:56] [ERROR] Mislukt: Maak failover group fg_cifs
