[2026-04-23 17:04:11] [INFO] ==============================
[2026-04-23 17:04:11] [INFO] Start inrichting NetApp cluster 192.168.1.22
[2026-04-23 17:04:11] [INFO] Versie:        v3.3.0 (2026-04-16)
[2026-04-23 17:04:11] [INFO] Config:        setup_ontap_2node_cluster.conf
[2026-04-23 17:04:11] [INFO] Log file:      ./logs/netapp-cluster-v3.3.0-20260423-170411.log
[2026-04-23 17:04:11] [INFO] Verbose:       0 | Dry-run: 0 | Color: auto
[2026-04-23 17:04:11] [INFO] User:          admin
[2026-04-23 17:04:11] [INFO] Nodes:         lab-clus01-01 lab-clus01-02
[2026-04-23 17:04:11] [INFO] RAID type:     raid_dp | Disks: 8 | Spare reserve: 1
[2026-04-23 17:04:11] [INFO] ==============================
[2026-04-23 17:04:11] [INFO] Controleer SSH-verbinding naar admin@192.168.1.22 ...
[2026-04-23 17:04:11] [INFO] Key-based authenticatie niet beschikbaar, probeer wachtwoord...
[2026-04-23 17:04:12] [INFO] SSH-verbinding succesvol (sshpass wachtwoordauth).
[2026-04-23 17:04:12] [INFO] NTP server 192.168.1.1 bestaat al
[2026-04-23 17:04:13] [INFO] Data aggregate aggr_data_lab_clus01_01 bestaat al
[2026-04-23 17:04:14] [INFO] Data aggregate aggr_data_lab_clus01_02 bestaat al
[2026-04-23 17:04:15] [INFO] IPspace ipspace_data bestaat al
[2026-04-23 17:04:16] [INFO] VLAN port lab-clus01-01:e0d-20 bestaat al
[2026-04-23 17:04:17] [INFO] VLAN port lab-clus01-02:e0d-20 bestaat al
[2026-04-23 17:04:18] [INFO] Zet MTU 1500 op broadcast domain bd_cifs
[2026-04-23 17:04:20] [INFO] Zet MTU 9000 op broadcast domain bd_vlan20
[2026-04-23 17:04:20] [DEBUG] CIFS ports: lab-clus01-01:e0e lab-clus01-02:e0e
[2026-04-23 17:04:20] [DEBUG] VLAN20 ports: lab-clus01-01:e0d-20 lab-clus01-02:e0d-20
[2026-04-23 17:04:23] [INFO] Broadcast domain bd_cifs bestaat al
[2026-04-23 17:04:23] [DEBUG] Checking if port lab-clus01-01:e0e is in broadcast domain bd_cifs
[2026-04-23 17:04:24] [DEBUG] Raw output from broadcast-domain show: '
Last login time: 4/23/2026 15:04:23
Unsuccessful login attempts since last login: 1

               IPspace Name: ipspace_data
   Layer 2 Broadcast Domain: bd_cifs
             Configured MTU: 1500
                      Ports: lab-clus01-01:e0e
         Port Update Status: complete
  Status Detail Description: complete
Combined Port Update Status: complete
            Failover Groups: bd_cifs
               Subnet Names: -
    Is VIP Broadcast Domain: false
'
[2026-04-23 17:04:24] [DEBUG] Current ports in bd_cifs: 'lab-clus01-01:e0e'
[2026-04-23 17:04:24] [DEBUG] Port lab-clus01-01:e0e zit al in bd_cifs
[2026-04-23 17:04:24] [DEBUG] Checking if port lab-clus01-02:e0e is in broadcast domain bd_cifs
[2026-04-23 17:04:24] [DEBUG] Raw output from broadcast-domain show: '
Last login time: 4/23/2026 15:04:24
Unsuccessful login attempts since last login: 1

               IPspace Name: ipspace_data
   Layer 2 Broadcast Domain: bd_cifs
             Configured MTU: 1500
                      Ports: lab-clus01-01:e0e
         Port Update Status: complete
  Status Detail Description: complete
Combined Port Update Status: complete
            Failover Groups: bd_cifs
               Subnet Names: -
    Is VIP Broadcast Domain: false
'
[2026-04-23 17:04:24] [DEBUG] Current ports in bd_cifs: 'lab-clus01-01:e0e'
[2026-04-23 17:04:24] [DEBUG] Port lab-clus01-02:e0e is niet in bd_cifs, wordt toegevoegd
[2026-04-23 17:04:25] [ERROR] Mislukt: Voeg port lab-clus01-02:e0e toe aan broadcast domain bd_cifs
[2026-04-23 17:04:25] [DEBUG] ONTAP command failed: network port broadcast-domain add-ports -broadcast-domain bd_cifs -ipspace ipspace_data -ports lab-clus01-02:e0e
[2026-04-23 17:04:25] [DEBUG] ONTAP error output: 
Last login time: 4/23/2026 15:04:24
Unsuccessful login attempts since last login: 1

Error: command failed: Port "lab-clus01-02:e0e" is already assigned to
       broadcast domain "Default" in IPspace "Default".

