[2026-04-23 17:15:07] [INFO] ==============================
[2026-04-23 17:15:07] [INFO] Start inrichting NetApp cluster 192.168.1.22
[2026-04-23 17:15:07] [INFO] Versie:        v3.3.0 (2026-04-16)
[2026-04-23 17:15:07] [INFO] Config:        setup_ontap_2node_cluster.conf
[2026-04-23 17:15:07] [INFO] Log file:      ./logs/netapp-cluster-v3.3.0-20260423-171507.log
[2026-04-23 17:15:07] [INFO] Verbose:       0 | Dry-run: 0 | Color: auto
[2026-04-23 17:15:07] [INFO] User:          admin
[2026-04-23 17:15:07] [INFO] Nodes:         lab-clus01-01 lab-clus01-02
[2026-04-23 17:15:07] [INFO] RAID type:     raid_dp | Disks: 8 | Spare reserve: 1
[2026-04-23 17:15:07] [INFO] ==============================
[2026-04-23 17:15:07] [INFO] Controleer SSH-verbinding naar admin@192.168.1.22 ...
[2026-04-23 17:15:07] [INFO] Key-based authenticatie niet beschikbaar, probeer wachtwoord...
[2026-04-23 17:15:08] [INFO] SSH-verbinding succesvol (sshpass wachtwoordauth).
[2026-04-23 17:15:09] [INFO] NTP server 192.168.1.1 bestaat al
[2026-04-23 17:15:09] [INFO] Data aggregate aggr_data_lab_clus01_01 bestaat al
[2026-04-23 17:15:10] [INFO] Data aggregate aggr_data_lab_clus01_02 bestaat al
[2026-04-23 17:15:11] [INFO] IPspace ipspace_data bestaat al
[2026-04-23 17:15:12] [INFO] VLAN port lab-clus01-01:e0d-20 bestaat al
[2026-04-23 17:15:14] [INFO] VLAN port lab-clus01-02:e0d-20 bestaat al
[2026-04-23 17:15:16] [INFO] Zet MTU 1500 op broadcast domain bd_cifs
[2026-04-23 17:15:17] [INFO] Zet MTU 9000 op broadcast domain bd_vlan20
[2026-04-23 17:15:17] [DEBUG] CIFS ports: lab-clus01-01:e0e lab-clus01-02:e0e
[2026-04-23 17:15:17] [DEBUG] VLAN20 ports: lab-clus01-01:e0d-20 lab-clus01-02:e0d-20
[2026-04-23 17:15:19] [DEBUG] Port show output for lab-clus01-01:e0e: '
Last login time: 4/23/2026 15:15:18
Unsuccessful login attempts since last login: 1
node          port broadcast-domain 
------------- ---- ---------------- 
lab-clus01-01 e0e  bd_cifs          
'
[2026-04-23 17:15:19] [DEBUG] Parsed current BD for lab-clus01-01:e0e: ''
[2026-04-23 17:15:19] [DEBUG] Parsed current BD for lab-clus01-01:e0e: ''
[2026-04-23 17:15:19] [DEBUG] Port lab-clus01-01:e0e is already in correct broadcast domain bd_cifs or not assigned
[2026-04-23 17:15:39] [DEBUG] Port show output for lab-clus01-02:e0e: 'Permission denied, please try again.
Received disconnect from 192.168.1.22 port 22:2: Too many authentication failures'
[2026-04-23 17:15:39] [DEBUG] Parsed current BD for lab-clus01-02:e0e: 'disconnect'
[2026-04-23 17:15:39] [DEBUG] Parsed current BD for lab-clus01-02:e0e: 'disconnect'
[2026-04-23 17:15:39] [DEBUG] Removing port lab-clus01-02:e0e from broadcast domain disconnect
[2026-04-23 17:15:40] [ERROR] Mislukt: Verwijder port lab-clus01-02:e0e uit broadcast domain disconnect
[2026-04-23 17:15:40] [DEBUG] ONTAP command failed: network port broadcast-domain remove-ports -broadcast-domain disconnect -ports lab-clus01-02:e0e
[2026-04-23 17:15:40] [DEBUG] ONTAP error output: 
Last login time: 4/23/2026 15:15:19
Unsuccessful login attempts since last login: 7

Error: command failed: Broadcast domain "disconnect" in IPspace "Default" not
       found.

