[2026-04-20 18:34:48] [INFO] ==============================
[2026-04-20 18:34:48] [INFO] Start inrichting NetApp cluster 192.168.1.22
[2026-04-20 18:34:48] [INFO] Versie:        v3.3.0 (2026-04-16)
[2026-04-20 18:34:48] [INFO] Config:        setup_ontap_2node_cluster.conf
[2026-04-20 18:34:48] [INFO] Log file:      ./logs/netapp-cluster-v3.3.0-20260420-183448.log
[2026-04-20 18:34:48] [INFO] Verbose:       0 | Dry-run: 0 | Color: auto
[2026-04-20 18:34:48] [INFO] User:          admin
[2026-04-20 18:34:48] [INFO] Nodes:         lab-clus01-01 lab-clus01-02
[2026-04-20 18:34:48] [INFO] RAID type:     raid_dp | Disks: 8 | Spare reserve: 1
[2026-04-20 18:34:48] [INFO] ==============================
[2026-04-20 18:34:48] [INFO] Controleer SSH-verbinding naar admin@192.168.1.22 ...
[2026-04-20 18:34:48] [INFO] Key-based authenticatie niet beschikbaar, probeer wachtwoord...
[2026-04-20 18:34:55] [INFO] SSH-verbinding succesvol (sshpass wachtwoordauth).
[2026-04-20 18:34:55] [INFO] NTP server 192.168.1.1 bestaat al
[2026-04-20 18:34:57] [INFO] Node lab-clus01-01: 0 spare disks, 0 unassigned disks, 0 beschikbaar (nodig: 8 + 1 reserve = 9)
[2026-04-20 18:34:57] [WARN] Node lab-clus01-01: onvoldoende beschikbare disks voor aggr_data_lab_clus01_01 (0 beschikbaar, 9 nodig incl. 1 reserve)
[2026-04-20 18:34:59] [INFO] Node lab-clus01-02: 0 spare disks, 0 unassigned disks, 0 beschikbaar (nodig: 8 + 1 reserve = 9)
[2026-04-20 18:34:59] [WARN] Node lab-clus01-02: onvoldoende beschikbare disks voor aggr_data_lab_clus01_02 (0 beschikbaar, 9 nodig incl. 1 reserve)
[2026-04-20 18:34:59] [INFO] IPspace ipspace_data bestaat al
[2026-04-20 18:35:00] [INFO] VLAN port lab-clus01-01:e0d-20 bestaat al
[2026-04-20 18:35:02] [INFO] VLAN port lab-clus01-02:e0d-20 bestaat al

Last login time: 4/20/2026 16:35:02
Unsuccessful login attempts since last login: 1

[2026-04-20 18:35:03] [INFO] Zet MTU 1500 op broadcast domain bd_cifs

Last login time: 4/20/2026 16:35:04
Unsuccessful login attempts since last login: 1

[2026-04-20 18:35:04] [INFO] Zet MTU 9000 op broadcast domain bd_vlan20
[2026-04-20 18:35:06] [INFO] Broadcast domain bd_cifs bestaat al
[2026-04-20 18:35:08] [INFO] Broadcast domain bd_vlan20 bestaat al

Last login time: 4/20/2026 16:35:09
Unsuccessful login attempts since last login: 1

Error: invalid argument "-rootvolume-aggregate"

[2026-04-20 18:35:09] [ERROR] Mislukt: Maak vserver svm_cifs01 (cifs)
